<?xml version="1.0" encoding="UTF-8"?>
<!-- Generated by org.testng.reporters.JUnitReportReporter -->
<testsuite skipped="0" hostname="DESKTOP-O5I7VTC" name="myselmaven.NewTest" tests="1" failures="0" timestamp="23 Apr 2019 07:41:57 GMT" time="8.263" errors="0">
  <testcase name="f" time="8.263" classname="myselmaven.NewTest"/>
</testsuite> <!-- myselmaven.NewTest -->
