<?xml version="1.0" encoding="UTF-8"?>
<!-- Generated by org.testng.reporters.JUnitReportReporter -->
<testsuite name="com.sel2.NewTest2" tests="1" time="11.217" ignored="0" failures="0" timestamp="23 Apr 2019 08:40:34 GMT" skipped="0" hostname="DESKTOP-O5I7VTC" errors="0">
  <testcase name="f" time="11.217" classname="com.sel2.NewTest2"/>
</testsuite> <!-- com.sel2.NewTest2 -->
